Setting up...
#<Operation@1e2fce9c: 

HERE nil

yo yo - building stuff nil


HERE nil

yo yo - building stuff nil


HERE nil

yo yo - building stuff nil


HERE nil

yo yo - building stuff nil


HERE nil

yo yo - building stuff nil


HERE nil

yo yo - building stuff nil


HERE nil

yo yo - building stuff nil


HERE nil

yo yo - building stuff nil


HERE nil

yo yo - building stuff nil


HERE nil

yo yo - building stuff nil


HERE nil

yo yo - building stuff nil


HERE nil

yo yo - building stuff nil


HERE nil

yo yo - building stuff nil


HERE nil

yo yo - building stuff nil


HERE nil

yo yo - building stuff nil


HERE nil

yo yo - building stuff nil


HERE nil

yo yo - building stuff nil


HERE /home/fuzzer/fuzzage
export HOME="/home/fuzzer"

yo yo - building stuff {:HOME /home/fuzzer}


HERE /home/fuzzer/fuzzage
export HOME="/home/fuzzer"

yo yo - building stuff {:HOME /home/fuzzer}


HERE /home/fuzzer/fuzzage
export HOME="/home/fuzzer"

yo yo - building stuff {:HOME /home/fuzzer}


HERE /home/fuzzer/fuzzage
export HOME="/home/fuzzer"

yo yo - building stuff {:HOME /home/fuzzer}


HERE /home/fuzzer/fuzzage
export HOME="/home/fuzzer"

yo yo - building stuff {:HOME /home/fuzzer}


HERE /home/fuzzer/fuzzage
export HOME="/home/fuzzer"

yo yo - building stuff {:HOME /home/fuzzer}


HERE /home/fuzzer/fuzzage
export HOME="/home/fuzzer"

yo yo - building stuff {:HOME /home/fuzzer}
